<?xml version="1.0" encoding="UTF-8"?>
<testsuite name="TestingTime" tests="1" skipped="0" failures="0" errors="0" timestamp="2020-12-17T18:17:25" hostname="LAPTOP-S5H7EGFA" time="0.262">
  <properties/>
  <testcase name="getMultipleTimesShouldReturnTimeArray()" classname="TestingTime" time="0.262"/>
  <system-out><![CDATA[]]></system-out>
  <system-err><![CDATA[]]></system-err>
</testsuite>
