<?xml version="1.0" encoding="UTF-8"?>
<testsuite name="TestingTime" tests="1" skipped="0" failures="0" errors="0" timestamp="2021-01-07T19:01:39" hostname="LAPTOP-S5H7EGFA" time="0.287">
  <properties/>
  <testcase name="localTimeToTimeObjectShouldReturnTimeObject()" classname="TestingTime" time="0.287"/>
  <system-out><![CDATA[]]></system-out>
  <system-err><![CDATA[]]></system-err>
</testsuite>
